<testsuite failures="0" name="features/ParametersTest.feature" skipped="0" tests="7" time="4.366542">
  <testcase classname="features.ParametersTest" name="path parameters" time="0.494247">
    <system-out>* def baseUrl = 'http://api.exchangeratesapi.io/v1?access_key=30446c4718aa5513eb2fcae29599aad3' . passed
* def spartanUrl = 'http://34.228.41.120:8000' ............................ passed
* def hrUrl = 'http://34.228.41.120:1000/ords/hr' ......................... passed
Given url baseUrl ......................................................... passed
And path "latest" ......................................................... passed
When method GET ........................................................... passed
Then status 200 ........................................................... passed</system-out>
  </testcase>
  <testcase classname="features.ParametersTest" name="path parameters" time="0.72705">
    <system-out>* def baseUrl = 'http://api.exchangeratesapi.io/v1?access_key=30446c4718aa5513eb2fcae29599aad3' . passed
* def spartanUrl = 'http://34.228.41.120:8000' ............................ passed
* def hrUrl = 'http://34.228.41.120:1000/ords/hr' ......................... passed
Given url baseUrl ......................................................... passed
And path "latest" ......................................................... passed
When method GET ........................................................... passed
Then status 200 ........................................................... passed
* def baseUrl = 'http://api.exchangeratesapi.io/v1?access_key=30446c4718aa5513eb2fcae29599aad3' . passed
* def spartanUrl = 'http://34.228.41.120:8000' ............................ passed
* def hrUrl = 'http://34.228.41.120:1000/ords/hr' ......................... passed
Given url baseUrl ......................................................... passed
And path "2010-01-12" ..................................................... passed
When method GET ........................................................... passed
Then status 200 ........................................................... passed</system-out>
  </testcase>
  <testcase classname="features.ParametersTest" name="get all spartans with path" time="1.102083">
    <system-out>* def baseUrl = 'http://api.exchangeratesapi.io/v1?access_key=30446c4718aa5513eb2fcae29599aad3' . passed
* def spartanUrl = 'http://34.228.41.120:8000' ............................ passed
* def hrUrl = 'http://34.228.41.120:1000/ords/hr' ......................... passed
Given url baseUrl ......................................................... passed
And path "latest" ......................................................... passed
When method GET ........................................................... passed
Then status 200 ........................................................... passed
* def baseUrl = 'http://api.exchangeratesapi.io/v1?access_key=30446c4718aa5513eb2fcae29599aad3' . passed
* def spartanUrl = 'http://34.228.41.120:8000' ............................ passed
* def hrUrl = 'http://34.228.41.120:1000/ords/hr' ......................... passed
Given url baseUrl ......................................................... passed
And path "2010-01-12" ..................................................... passed
When method GET ........................................................... passed
Then status 200 ........................................................... passed
* def baseUrl = 'http://api.exchangeratesapi.io/v1?access_key=30446c4718aa5513eb2fcae29599aad3' . passed
* def spartanUrl = 'http://34.228.41.120:8000' ............................ passed
* def hrUrl = 'http://34.228.41.120:1000/ords/hr' ......................... passed
Given url spartanUrl ...................................................... passed
And path 'api/spartans' ................................................... passed
When method Get ........................................................... passed
Then status 200 ........................................................... passed
And print response ........................................................ passed</system-out>
  </testcase>
  <testcase classname="features.ParametersTest" name="get one spartan with path" time="0.401245">
    <system-out>* def baseUrl = 'http://api.exchangeratesapi.io/v1?access_key=30446c4718aa5513eb2fcae29599aad3' . passed
* def spartanUrl = 'http://34.228.41.120:8000' ............................ passed
* def hrUrl = 'http://34.228.41.120:1000/ords/hr' ......................... passed
Given url baseUrl ......................................................... passed
And path "latest" ......................................................... passed
When method GET ........................................................... passed
Then status 200 ........................................................... passed
* def baseUrl = 'http://api.exchangeratesapi.io/v1?access_key=30446c4718aa5513eb2fcae29599aad3' . passed
* def spartanUrl = 'http://34.228.41.120:8000' ............................ passed
* def hrUrl = 'http://34.228.41.120:1000/ords/hr' ......................... passed
Given url baseUrl ......................................................... passed
And path "2010-01-12" ..................................................... passed
When method GET ........................................................... passed
Then status 200 ........................................................... passed
* def baseUrl = 'http://api.exchangeratesapi.io/v1?access_key=30446c4718aa5513eb2fcae29599aad3' . passed
* def spartanUrl = 'http://34.228.41.120:8000' ............................ passed
* def hrUrl = 'http://34.228.41.120:1000/ords/hr' ......................... passed
Given url spartanUrl ...................................................... passed
And path 'api/spartans' ................................................... passed
When method Get ........................................................... passed
Then status 200 ........................................................... passed
And print response ........................................................ passed
* def baseUrl = 'http://api.exchangeratesapi.io/v1?access_key=30446c4718aa5513eb2fcae29599aad3' . passed
* def spartanUrl = 'http://34.228.41.120:8000' ............................ passed
* def hrUrl = 'http://34.228.41.120:1000/ords/hr' ......................... passed
Given url spartanUrl ...................................................... passed
And path 'api/spartans' ................................................... passed
And path '632' ............................................................ passed
When method Get ........................................................... passed
Then status 200 ........................................................... passed
And print response ........................................................ passed
And match response == {"gender": "Female","phone": 2786952162,"name": "Lucais","id": 632} . passed</system-out>
  </testcase>
  <testcase classname="features.ParametersTest" name="get one spartan with path" time="0.434222">
    <system-out>* def baseUrl = 'http://api.exchangeratesapi.io/v1?access_key=30446c4718aa5513eb2fcae29599aad3' . passed
* def spartanUrl = 'http://34.228.41.120:8000' ............................ passed
* def hrUrl = 'http://34.228.41.120:1000/ords/hr' ......................... passed
Given url baseUrl ......................................................... passed
And path "latest" ......................................................... passed
When method GET ........................................................... passed
Then status 200 ........................................................... passed
* def baseUrl = 'http://api.exchangeratesapi.io/v1?access_key=30446c4718aa5513eb2fcae29599aad3' . passed
* def spartanUrl = 'http://34.228.41.120:8000' ............................ passed
* def hrUrl = 'http://34.228.41.120:1000/ords/hr' ......................... passed
Given url baseUrl ......................................................... passed
And path "2010-01-12" ..................................................... passed
When method GET ........................................................... passed
Then status 200 ........................................................... passed
* def baseUrl = 'http://api.exchangeratesapi.io/v1?access_key=30446c4718aa5513eb2fcae29599aad3' . passed
* def spartanUrl = 'http://34.228.41.120:8000' ............................ passed
* def hrUrl = 'http://34.228.41.120:1000/ords/hr' ......................... passed
Given url spartanUrl ...................................................... passed
And path 'api/spartans' ................................................... passed
When method Get ........................................................... passed
Then status 200 ........................................................... passed
And print response ........................................................ passed
* def baseUrl = 'http://api.exchangeratesapi.io/v1?access_key=30446c4718aa5513eb2fcae29599aad3' . passed
* def spartanUrl = 'http://34.228.41.120:8000' ............................ passed
* def hrUrl = 'http://34.228.41.120:1000/ords/hr' ......................... passed
Given url spartanUrl ...................................................... passed
And path 'api/spartans' ................................................... passed
And path '632' ............................................................ passed
When method Get ........................................................... passed
Then status 200 ........................................................... passed
And print response ........................................................ passed
And match response == {"gender": "Female","phone": 2786952162,"name": "Lucais","id": 632} . passed
* def baseUrl = 'http://api.exchangeratesapi.io/v1?access_key=30446c4718aa5513eb2fcae29599aad3' . passed
* def spartanUrl = 'http://34.228.41.120:8000' ............................ passed
* def hrUrl = 'http://34.228.41.120:1000/ords/hr' ......................... passed
* def expectedSpartan = ................................................... passed
Given url spartanUrl ...................................................... passed
And path 'api/spartans' ................................................... passed
And path '632' ............................................................ passed
When method Get ........................................................... passed
Then status 200 ........................................................... passed
And print response ........................................................ passed
And match response == expectedSpartan ..................................... passed</system-out>
  </testcase>
  <testcase classname="features.ParametersTest" name="query params" time="0.479564">
    <system-out>* def baseUrl = 'http://api.exchangeratesapi.io/v1?access_key=30446c4718aa5513eb2fcae29599aad3' . passed
* def spartanUrl = 'http://34.228.41.120:8000' ............................ passed
* def hrUrl = 'http://34.228.41.120:1000/ords/hr' ......................... passed
Given url baseUrl ......................................................... passed
And path "latest" ......................................................... passed
When method GET ........................................................... passed
Then status 200 ........................................................... passed
* def baseUrl = 'http://api.exchangeratesapi.io/v1?access_key=30446c4718aa5513eb2fcae29599aad3' . passed
* def spartanUrl = 'http://34.228.41.120:8000' ............................ passed
* def hrUrl = 'http://34.228.41.120:1000/ords/hr' ......................... passed
Given url baseUrl ......................................................... passed
And path "2010-01-12" ..................................................... passed
When method GET ........................................................... passed
Then status 200 ........................................................... passed
* def baseUrl = 'http://api.exchangeratesapi.io/v1?access_key=30446c4718aa5513eb2fcae29599aad3' . passed
* def spartanUrl = 'http://34.228.41.120:8000' ............................ passed
* def hrUrl = 'http://34.228.41.120:1000/ords/hr' ......................... passed
Given url spartanUrl ...................................................... passed
And path 'api/spartans' ................................................... passed
When method Get ........................................................... passed
Then status 200 ........................................................... passed
And print response ........................................................ passed
* def baseUrl = 'http://api.exchangeratesapi.io/v1?access_key=30446c4718aa5513eb2fcae29599aad3' . passed
* def spartanUrl = 'http://34.228.41.120:8000' ............................ passed
* def hrUrl = 'http://34.228.41.120:1000/ords/hr' ......................... passed
Given url spartanUrl ...................................................... passed
And path 'api/spartans' ................................................... passed
And path '632' ............................................................ passed
When method Get ........................................................... passed
Then status 200 ........................................................... passed
And print response ........................................................ passed
And match response == {"gender": "Female","phone": 2786952162,"name": "Lucais","id": 632} . passed
* def baseUrl = 'http://api.exchangeratesapi.io/v1?access_key=30446c4718aa5513eb2fcae29599aad3' . passed
* def spartanUrl = 'http://34.228.41.120:8000' ............................ passed
* def hrUrl = 'http://34.228.41.120:1000/ords/hr' ......................... passed
* def expectedSpartan = ................................................... passed
Given url spartanUrl ...................................................... passed
And path 'api/spartans' ................................................... passed
And path '632' ............................................................ passed
When method Get ........................................................... passed
Then status 200 ........................................................... passed
And print response ........................................................ passed
And match response == expectedSpartan ..................................... passed
* def baseUrl = 'http://api.exchangeratesapi.io/v1?access_key=30446c4718aa5513eb2fcae29599aad3' . passed
* def spartanUrl = 'http://34.228.41.120:8000' ............................ passed
* def hrUrl = 'http://34.228.41.120:1000/ords/hr' ......................... passed
Given url spartanUrl ...................................................... passed
And path 'api/spartans/search' ............................................ passed
And param nameContains = 'j' .............................................. passed
And param gender = 'Female' ............................................... passed
When method GET ........................................................... passed
Then status 200 ........................................................... passed
And match header Content-Type == 'application/json' ....................... passed
And print response ........................................................ passed
And match response.pageable.pageNumber == 0 ............................... passed
And match each response.content contains {"gender":"Female"} .............. passed
And match each response.content[*].gender == 'Female' ..................... passed
And match response.content[0].name == 'Jessica' ........................... passed
And match each response.content[*].phone == '#number' ..................... passed</system-out>
  </testcase>
  <testcase classname="features.ParametersTest" name="hr regions example" time="0.728131">
    <system-out>* def baseUrl = 'http://api.exchangeratesapi.io/v1?access_key=30446c4718aa5513eb2fcae29599aad3' . passed
* def spartanUrl = 'http://34.228.41.120:8000' ............................ passed
* def hrUrl = 'http://34.228.41.120:1000/ords/hr' ......................... passed
Given url baseUrl ......................................................... passed
And path "latest" ......................................................... passed
When method GET ........................................................... passed
Then status 200 ........................................................... passed
* def baseUrl = 'http://api.exchangeratesapi.io/v1?access_key=30446c4718aa5513eb2fcae29599aad3' . passed
* def spartanUrl = 'http://34.228.41.120:8000' ............................ passed
* def hrUrl = 'http://34.228.41.120:1000/ords/hr' ......................... passed
Given url baseUrl ......................................................... passed
And path "2010-01-12" ..................................................... passed
When method GET ........................................................... passed
Then status 200 ........................................................... passed
* def baseUrl = 'http://api.exchangeratesapi.io/v1?access_key=30446c4718aa5513eb2fcae29599aad3' . passed
* def spartanUrl = 'http://34.228.41.120:8000' ............................ passed
* def hrUrl = 'http://34.228.41.120:1000/ords/hr' ......................... passed
Given url spartanUrl ...................................................... passed
And path 'api/spartans' ................................................... passed
When method Get ........................................................... passed
Then status 200 ........................................................... passed
And print response ........................................................ passed
* def baseUrl = 'http://api.exchangeratesapi.io/v1?access_key=30446c4718aa5513eb2fcae29599aad3' . passed
* def spartanUrl = 'http://34.228.41.120:8000' ............................ passed
* def hrUrl = 'http://34.228.41.120:1000/ords/hr' ......................... passed
Given url spartanUrl ...................................................... passed
And path 'api/spartans' ................................................... passed
And path '632' ............................................................ passed
When method Get ........................................................... passed
Then status 200 ........................................................... passed
And print response ........................................................ passed
And match response == {"gender": "Female","phone": 2786952162,"name": "Lucais","id": 632} . passed
* def baseUrl = 'http://api.exchangeratesapi.io/v1?access_key=30446c4718aa5513eb2fcae29599aad3' . passed
* def spartanUrl = 'http://34.228.41.120:8000' ............................ passed
* def hrUrl = 'http://34.228.41.120:1000/ords/hr' ......................... passed
* def expectedSpartan = ................................................... passed
Given url spartanUrl ...................................................... passed
And path 'api/spartans' ................................................... passed
And path '632' ............................................................ passed
When method Get ........................................................... passed
Then status 200 ........................................................... passed
And print response ........................................................ passed
And match response == expectedSpartan ..................................... passed
* def baseUrl = 'http://api.exchangeratesapi.io/v1?access_key=30446c4718aa5513eb2fcae29599aad3' . passed
* def spartanUrl = 'http://34.228.41.120:8000' ............................ passed
* def hrUrl = 'http://34.228.41.120:1000/ords/hr' ......................... passed
Given url spartanUrl ...................................................... passed
And path 'api/spartans/search' ............................................ passed
And param nameContains = 'j' .............................................. passed
And param gender = 'Female' ............................................... passed
When method GET ........................................................... passed
Then status 200 ........................................................... passed
And match header Content-Type == 'application/json' ....................... passed
And print response ........................................................ passed
And match response.pageable.pageNumber == 0 ............................... passed
And match each response.content contains {"gender":"Female"} .............. passed
And match each response.content[*].gender == 'Female' ..................... passed
And match response.content[0].name == 'Jessica' ........................... passed
And match each response.content[*].phone == '#number' ..................... passed
* def baseUrl = 'http://api.exchangeratesapi.io/v1?access_key=30446c4718aa5513eb2fcae29599aad3' . passed
* def spartanUrl = 'http://34.228.41.120:8000' ............................ passed
* def hrUrl = 'http://34.228.41.120:1000/ords/hr' ......................... passed
Given url hrUrl ........................................................... passed
And path 'regions' ........................................................ passed
When method GET ........................................................... passed
Then status 200 ........................................................... passed
And print response ........................................................ passed
And match response.limit == 25 ............................................ passed
And match each response.items[*].region_id == '#number' ................... passed</system-out>
  </testcase>
</testsuite>
