<testsuite failures="0" name="features/FirstKarateTest.feature" skipped="0" tests="7" time="0.167193">
  <testcase classname="features.FirstKarateTest" name="how to print" time="0.029326">
    <system-out>Given print 'Hello World' ................................................. passed
When print "another print" ................................................ passed
Then print 'the print' .................................................... passed</system-out>
  </testcase>
  <testcase classname="features.FirstKarateTest" name="more printing" time="0.02354">
    <system-out>Given print 'Hello World' ................................................. passed
When print "another print" ................................................ passed
Then print 'the print' .................................................... passed
Given print 'some words to print' ......................................... passed
* print 'my name is','karate kid' ......................................... passed
* print 2+2 ............................................................... passed</system-out>
  </testcase>
  <testcase classname="features.FirstKarateTest" name="variables" time="0.028016">
    <system-out>Given print 'Hello World' ................................................. passed
When print "another print" ................................................ passed
Then print 'the print' .................................................... passed
Given print 'some words to print' ......................................... passed
* print 'my name is','karate kid' ......................................... passed
* print 2+2 ............................................................... passed
* def name = 'Mike' ....................................................... passed
* print 'my name is',name ................................................. passed
* def age = 20 ............................................................ passed
* print name,'is',age,'years old' ......................................... passed</system-out>
  </testcase>
  <testcase classname="features.FirstKarateTest" name="Difficult parameters: json object" time="0.012503">
    <system-out>Given print 'Hello World' ................................................. passed
When print "another print" ................................................ passed
Then print 'the print' .................................................... passed
Given print 'some words to print' ......................................... passed
* print 'my name is','karate kid' ......................................... passed
* print 2+2 ............................................................... passed
* def name = 'Mike' ....................................................... passed
* print 'my name is',name ................................................. passed
* def age = 20 ............................................................ passed
* print name,'is',age,'years old' ......................................... passed
* def student = {'name':'sam','owes_tution':false} ........................ passed
* print student ........................................................... passed
* print student.name ...................................................... passed
* print student.owes_tution ............................................... passed</system-out>
  </testcase>
  <testcase classname="features.FirstKarateTest" name="json object 2" time="0.006042">
    <system-out>Given print 'Hello World' ................................................. passed
When print "another print" ................................................ passed
Then print 'the print' .................................................... passed
Given print 'some words to print' ......................................... passed
* print 'my name is','karate kid' ......................................... passed
* print 2+2 ............................................................... passed
* def name = 'Mike' ....................................................... passed
* print 'my name is',name ................................................. passed
* def age = 20 ............................................................ passed
* print name,'is',age,'years old' ......................................... passed
* def student = {'name':'sam','owes_tution':false} ........................ passed
* print student ........................................................... passed
* print student.name ...................................................... passed
* print student.owes_tution ............................................... passed
* def student = ........................................................... passed
* print student.firstName ................................................. passed</system-out>
  </testcase>
  <testcase classname="features.FirstKarateTest" name="Spartan variable" time="0.026745">
    <system-out>Given print 'Hello World' ................................................. passed
When print "another print" ................................................ passed
Then print 'the print' .................................................... passed
Given print 'some words to print' ......................................... passed
* print 'my name is','karate kid' ......................................... passed
* print 2+2 ............................................................... passed
* def name = 'Mike' ....................................................... passed
* print 'my name is',name ................................................. passed
* def age = 20 ............................................................ passed
* print name,'is',age,'years old' ......................................... passed
* def student = {'name':'sam','owes_tution':false} ........................ passed
* print student ........................................................... passed
* print student.name ...................................................... passed
* print student.owes_tution ............................................... passed
* def student = ........................................................... passed
* print student.firstName ................................................. passed
* def spartan = ........................................................... passed
* print spartan.gender .................................................... passed
* print spartan.name ...................................................... passed
* print spartan.phone ..................................................... passed
* print spartan.id ........................................................ passed</system-out>
  </testcase>
  <testcase classname="features.FirstKarateTest" name="json array objects" time="0.041021">
    <system-out>Given print 'Hello World' ................................................. passed
When print "another print" ................................................ passed
Then print 'the print' .................................................... passed
Given print 'some words to print' ......................................... passed
* print 'my name is','karate kid' ......................................... passed
* print 2+2 ............................................................... passed
* def name = 'Mike' ....................................................... passed
* print 'my name is',name ................................................. passed
* def age = 20 ............................................................ passed
* print name,'is',age,'years old' ......................................... passed
* def student = {'name':'sam','owes_tution':false} ........................ passed
* print student ........................................................... passed
* print student.name ...................................................... passed
* print student.owes_tution ............................................... passed
* def student = ........................................................... passed
* print student.firstName ................................................. passed
* def spartan = ........................................................... passed
* print spartan.gender .................................................... passed
* print spartan.name ...................................................... passed
* print spartan.phone ..................................................... passed
* print spartan.id ........................................................ passed
* def students = .......................................................... passed
* print students .......................................................... passed
* print students[0].name .................................................. passed
* print students[1].owes_tution ........................................... passed</system-out>
  </testcase>
</testsuite>
