<testsuite failures="0" name="features/bookItAuth.feature" skipped="0" tests="1" time="4.423658">
  <testcase classname="features.bookItAuth" name="get one user token" time="4.423658">
    <system-out>Given url 'https://cybertek-reservation-api-qa2.herokuapp.com/' ........... passed
And path 'sign' ........................................................... passed
And header Accept = 'application/json' .................................... passed
And param email = 'sbirdbj@fc2.com' ....................................... passed
And param password = 'asenorval' .......................................... passed
When method GET ........................................................... passed
Then status 200 ........................................................... passed
And print response.accessToken ............................................ passed
And def token = response.accessToken ...................................... passed</system-out>
  </testcase>
</testsuite>
